<?xml version="1.0" encoding="UTF-8"?>
<!-- Generated by org.testng.reporters.JUnitXMLReporter -->
<testsuite hostname="DevDiego" ignored="0" tests="4" failures="0" timestamp="06 Nov 2020 21:20:32 GMT" time="7.467" errors="0">
  <testcase name="Status_Tests" time="3.776" classname="PingTests"/>
  <testcase name="randomName_Tests" time="0.588" classname="PingTests"/>
  <testcase name="sameName_Tests" time="0.809" classname="PingTests"/>
  <testcase name="updateName_Tests" time="0.517" classname="PingTests"/>
</testsuite>
