<?xml version="1.0" encoding="UTF-8"?>
<!-- Generated by org.testng.reporters.JUnitXMLReporter -->
<testsuite hostname="DevDiego" ignored="0" tests="4" failures="0" timestamp="05 Nov 2020 05:15:19 GMT" time="7.843" errors="0">
  <testcase name="Status_Tests" time="3.953" classname="PingTests"/>
  <testcase name="randomName_Tests" time="0.746" classname="PingTests"/>
  <testcase name="sameName_Tests" time="0.785" classname="PingTests"/>
  <testcase name="updateName_Tests" time="0.585" classname="PingTests"/>
</testsuite>
